#
# There is insufficient memory for the Java Runtime Environment to continue.
# Native memory allocation (malloc) failed to allocate 1048576 bytes for AllocateHeap
# Possible reasons:
#   The system is out of physical RAM or swap space
#   In 32 bit mode, the process size limit was hit
# Possible solutions:
#   Reduce memory load on the system
#   Increase physical memory or swap space
#   Check if swap backing store is full
#   Use 64 bit Java on a 64 bit OS
#   Decrease Java heap size (-Xmx/-Xms)
#   Decrease number of Java threads
#   Decrease Java thread stack sizes (-Xss)
#   Set larger code cache with -XX:ReservedCodeCacheSize=
# This output file may be truncated or incomplete.
#
#  Out of Memory Error (memory/allocation.inline.hpp:61), pid=6780, tid=0x000000000000a33c
#
# JRE version:  (8.0_144-b01) (build )
# Java VM: Java HotSpot(TM) 64-Bit Server VM (25.144-b01 mixed mode windows-amd64 compressed oops)
# Failed to write core dump. Minidumps are not enabled by default on client versions of Windows
#

---------------  T H R E A D  ---------------

Current thread (0x0000000002e7e800):  JavaThread "Unknown thread" [_thread_in_vm, id=41788, stack(0x0000000004790000,0x0000000004890000)]

Stack: [0x0000000004790000,0x0000000004890000]
[error occurred during error reporting (printing stack bounds), id 0xc0000005]

Native frames: (J=compiled Java code, j=interpreted, Vv=VM code, C=native code)


---------------  P R O C E S S  ---------------

Java Threads: ( => current thread )

Other Threads:

=>0x0000000002e7e800 (exited) JavaThread "Unknown thread" [_thread_in_vm, id=41788, stack(0x0000000004790000,0x0000000004890000)]

VM state:not at safepoint (normal execution)

VM Mutex/Monitor currently owned by a thread: None

Heap:
 PSYoungGen      total 38400K, used 665K [0x00000000d5b80000, 0x00000000d8600000, 0x0000000100000000)
  eden space 33280K, 2% used [0x00000000d5b80000,0x00000000d5c26670,0x00000000d7c00000)
  from space 5120K, 0% used [0x00000000d8100000,0x00000000d8100000,0x00000000d8600000)
  to   space 5120K, 0% used [0x00000000d7c00000,0x00000000d7c00000,0x00000000d8100000)
 ParOldGen       total 87552K, used 0K [0x0000000081200000, 0x0000000086780000, 0x00000000d5b80000)
  object space 87552K, 0% used [0x0000000081200000,0x0000000081200000,0x0000000086780000)
 Metaspace       used 770K, capacity 4480K, committed 4480K, reserved 1056768K
  class space    used 75K, capacity 384K, committed 384K, reserved 1048576K

Card table byte_map: [0x0000000013d50000,0x0000000014150000] byte_map_base: 0x0000000013947000

Marking Bits: (ParMarkBitMap*) 0x000000007735d850
 Begin Bits: [0x0000000014c00000, 0x0000000016bb8000)
 End Bits:   [0x0000000016bb8000, 0x0000000018b70000)

Polling page: 0x00000000005f0000

CodeCache: size=245760Kb used=328Kb max_used=328Kb free=245431Kb
 bounds [0x0000000004990000, 0x0000000004c00000, 0x0000000013990000]
 total_blobs=58 nmethods=0 adapters=38
 compilation: enabled

Compilation events (0 events):
No events

GC Heap History (0 events):
No events

Deoptimization events (0 events):
No events

Internal exceptions (0 events):
No events

Events (10 events):
Event: 0.032 loading class java/lang/Short
Event: 0.032 loading class java/lang/Short done
Event: 0.032 loading class java/lang/Integer
Event: 0.032 loading class java/lang/Integer done
Event: 0.032 loading class java/lang/Long
Event: 0.033 loading class java/lang/Long done
Event: 0.033 loading class java/lang/NullPointerException
Event: 0.034 loading class java/lang/NullPointerException done
Event: 0.034 loading class java/lang/ArithmeticException
Event: 0.034 loading class java/lang/ArithmeticException done


Dynamic libraries:
0x00007ff797420000 - 0x00007ff797457000 	C:\Program Files\Java\jdk1.8.0_144\bin\java.exe
0x00007ff979840000 - 0x00007ff979a20000 	C:\WINDOWS\SYSTEM32\ntdll.dll
0x00007ff979760000 - 0x00007ff97980e000 	C:\WINDOWS\System32\KERNEL32.DLL
0x00007ff976aa0000 - 0x00007ff976d06000 	C:\WINDOWS\System32\KERNELBASE.dll
0x00007ff978720000 - 0x00007ff9787c1000 	C:\WINDOWS\System32\ADVAPI32.dll
0x00007ff978830000 - 0x00007ff9788cd000 	C:\WINDOWS\System32\msvcrt.dll
0x00007ff978350000 - 0x00007ff9783ab000 	C:\WINDOWS\System32\sechost.dll
0x00007ff978fa0000 - 0x00007ff9790bf000 	C:\WINDOWS\System32\RPCRT4.dll
0x00007ff978570000 - 0x00007ff9786ff000 	C:\WINDOWS\System32\USER32.dll
0x00007ff9769e0000 - 0x00007ff976a00000 	C:\WINDOWS\System32\win32u.dll
0x00007ff976ed0000 - 0x00007ff976ef8000 	C:\WINDOWS\System32\GDI32.dll
0x00007ff975e10000 - 0x00007ff975fa3000 	C:\WINDOWS\System32\gdi32full.dll
0x00007ff976a00000 - 0x00007ff976a9b000 	C:\WINDOWS\System32\msvcp_win.dll
0x00007ff975c40000 - 0x00007ff975d36000 	C:\WINDOWS\System32\ucrtbase.dll
0x00007ff96a6b0000 - 0x00007ff96a919000 	C:\WINDOWS\WinSxS\amd64_microsoft.windows.common-controls_6595b64144ccf1df_6.0.16299.192_none_15c8cdae9364c23b\COMCTL32.dll
0x00007ff979310000 - 0x00007ff979618000 	C:\WINDOWS\System32\combase.dll
0x00007ff975d90000 - 0x00007ff975e02000 	C:\WINDOWS\System32\bcryptPrimitives.dll
0x00007ff978f70000 - 0x00007ff978f9d000 	C:\WINDOWS\System32\IMM32.DLL
0x00000000503c0000 - 0x0000000050492000 	C:\Program Files\Java\jdk1.8.0_144\jre\bin\msvcr100.dll
0x0000000076b40000 - 0x00000000773dd000 	C:\Program Files\Java\jdk1.8.0_144\jre\bin\server\jvm.dll
0x00007ff9790c0000 - 0x00007ff9790c8000 	C:\WINDOWS\System32\PSAPI.DLL
0x00007ff9676d0000 - 0x00007ff9676d9000 	C:\WINDOWS\SYSTEM32\WSOCK32.dll
0x00007ff96de70000 - 0x00007ff96de7a000 	C:\WINDOWS\SYSTEM32\VERSION.dll
0x00007ff972930000 - 0x00007ff972953000 	C:\WINDOWS\SYSTEM32\WINMM.dll
0x00007ff976e60000 - 0x00007ff976ecc000 	C:\WINDOWS\System32\WS2_32.dll
0x00007ff9728d0000 - 0x00007ff9728fa000 	C:\WINDOWS\SYSTEM32\winmmbase.dll
0x00007ff975d40000 - 0x00007ff975d8a000 	C:\WINDOWS\System32\cfgmgr32.dll
0x00000000539a0000 - 0x00000000539af000 	C:\Program Files\Java\jdk1.8.0_144\jre\bin\verify.dll
0x0000000053830000 - 0x0000000053859000 	C:\Program Files\Java\jdk1.8.0_144\jre\bin\java.dll
0x0000000053980000 - 0x0000000053996000 	C:\Program Files\Java\jdk1.8.0_144\jre\bin\zip.dll

VM Arguments:
java_command: <unknown>
java_class_path (initial): .
Launcher Type: SUN_STANDARD

Environment Variables:
PATH=C:\ProgramData\Oracle\Java\javapath;C:\Program Files (x86)\Intel\iCLS Client\;C:\Program Files\Intel\iCLS Client\;C:\Windows\system32;C:\Windows;C:\Windows\System32\Wbem;C:\Windows\System32\WindowsPowerShell\v1.0\;C:\Program Files (x86)\Intel\Intel(R) Management Engine Components\DAL;C:\Program Files\Intel\Intel(R) Management Engine Components\DAL;C:\Program Files (x86)\Intel\Intel(R) Management Engine Components\IPT;C:\Program Files\Intel\Intel(R) Management Engine Components\IPT;C:\Program Files (x86)\NVIDIA Corporation\PhysX\Common;C:\Program Files (x86)\PharosSystems\Core;C:\Program Files (x86)\Brackets\command;%SystemRoot%\system32;%SystemRoot%;%SystemRoot%\System32\Wbem;%SYSTEMROOT%\System32\WindowsPowerShell\v1.0\;C:\Users\enoch\AppData\Local\atom\bin;C:\Users\enoch\AppData\Local\Microsoft\WindowsApps;C:\Users\enoch\AppData\Local\GitHubDesktop\bin
USERNAME=enoch
OS=Windows_NT
PROCESSOR_IDENTIFIER=Intel64 Family 6 Model 60 Stepping 3, GenuineIntel



---------------  S Y S T E M  ---------------

OS: Windows 10.0 , 64 bit Build 16299 (10.0.16299.15)

CPU:total 8 (initial active 8) (4 cores per cpu, 2 threads per core) family 6 model 60 stepping 3, cmov, cx8, fxsr, mmx, sse, sse2, sse3, ssse3, sse4.1, sse4.2, popcnt, avx, avx2, aes, clmul, erms, lzcnt, ht, tsc, tscinvbit, bmi1, bmi2

Memory: 4k page, physical 8310040k(2034184k free), swap 9358616k(4836k free)

vm_info: Java HotSpot(TM) 64-Bit Server VM (25.144-b01) for windows-amd64 JRE (1.8.0_144-b01), built on Jul 21 2017 21:57:33 by "java_re" with MS VC++ 10.0 (VS2010)

time: Wed Jan 31 16:06:12 2018
elapsed time: 0 seconds (0d 0h 0m 0s)

